<?xml version="1.0" encoding="UTF-8"?>
<testsuite name="com.eventpick.backend.EventpickBackendApplicationTests" tests="1" skipped="0" failures="0" errors="0" timestamp="2026-03-01T01:25:11.348Z" hostname="DESKTOP-M1A1V2C" time="0.316">
  <properties/>
  <testcase name="contextLoads()" classname="com.eventpick.backend.EventpickBackendApplicationTests" time="0.316"/>
  <system-out><![CDATA[10:25:07.995 [Test worker] INFO org.springframework.test.context.support.AnnotationConfigContextLoaderUtils -- Could not detect default configuration classes for test class [com.eventpick.backend.EventpickBackendApplicationTests]: EventpickBackendApplicationTests does not declare any static, non-private, non-final, nested classes annotated with @Configuration.
10:25:08.062 [Test worker] INFO org.springframework.boot.test.context.SpringBootTestContextBootstrapper -- Found @SpringBootConfiguration com.eventpick.backend.EventpickBackendApplication for test class com.eventpick.backend.EventpickBackendApplicationTests

  .   ____          _            __ _ _
 /\\ / ___'_ __ _ _(_)_ __  __ _ \ \ \ \
( ( )\___ | '_ | '_| | '_ \/ _` | \ \ \ \
 \\/  ___)| |_)| | | | | || (_| |  ) ) ) )
  '  |____| .__|_| |_|_| |_\__, | / / / /
 =========|_|==============|___/=/_/_/_/

 :: Spring Boot ::               (v3.5.11)

2026-03-01T10:25:08.343+09:00  INFO 68932 --- [eventpick-backend] [    Test worker] c.e.b.EventpickBackendApplicationTests   : Starting EventpickBackendApplicationTests using Java 21.0.5 with PID 68932 (started by maverick in /home/maverick/event-pick/backend-service)
2026-03-01T10:25:08.344+09:00  INFO 68932 --- [eventpick-backend] [    Test worker] c.e.b.EventpickBackendApplicationTests   : The following 1 profile is active: "local"
2026-03-01T10:25:09.110+09:00  INFO 68932 --- [eventpick-backend] [    Test worker] .s.d.r.c.RepositoryConfigurationDelegate : Multiple Spring Data modules found, entering strict repository configuration mode
2026-03-01T10:25:09.112+09:00  INFO 68932 --- [eventpick-backend] [    Test worker] .s.d.r.c.RepositoryConfigurationDelegate : Bootstrapping Spring Data JPA repositories in DEFAULT mode.
2026-03-01T10:25:09.132+09:00  INFO 68932 --- [eventpick-backend] [    Test worker] .s.d.r.c.RepositoryConfigurationDelegate : Finished Spring Data repository scanning in 11 ms. Found 0 JPA repository interfaces.
2026-03-01T10:25:09.145+09:00  INFO 68932 --- [eventpick-backend] [    Test worker] .s.d.r.c.RepositoryConfigurationDelegate : Multiple Spring Data modules found, entering strict repository configuration mode
2026-03-01T10:25:09.146+09:00  INFO 68932 --- [eventpick-backend] [    Test worker] .s.d.r.c.RepositoryConfigurationDelegate : Bootstrapping Spring Data Redis repositories in DEFAULT mode.
2026-03-01T10:25:09.154+09:00  INFO 68932 --- [eventpick-backend] [    Test worker] .s.d.r.c.RepositoryConfigurationDelegate : Finished Spring Data repository scanning in 1 ms. Found 0 Redis repository interfaces.
2026-03-01T10:25:09.519+09:00  INFO 68932 --- [eventpick-backend] [    Test worker] o.hibernate.jpa.internal.util.LogHelper  : HHH000204: Processing PersistenceUnitInfo [name: default]
2026-03-01T10:25:09.544+09:00  INFO 68932 --- [eventpick-backend] [    Test worker] org.hibernate.Version                    : HHH000412: Hibernate ORM core version 6.6.42.Final
2026-03-01T10:25:09.562+09:00  INFO 68932 --- [eventpick-backend] [    Test worker] o.h.c.internal.RegionFactoryInitiator    : HHH000026: Second-level cache disabled
2026-03-01T10:25:09.714+09:00  INFO 68932 --- [eventpick-backend] [    Test worker] o.s.o.j.p.SpringPersistenceUnitInfo      : No LoadTimeWeaver setup: ignoring JPA class transformer
2026-03-01T10:25:09.731+09:00  INFO 68932 --- [eventpick-backend] [    Test worker] com.zaxxer.hikari.HikariDataSource       : HikariPool-1 - Starting...
2026-03-01T10:25:09.838+09:00  INFO 68932 --- [eventpick-backend] [    Test worker] com.zaxxer.hikari.pool.HikariPool        : HikariPool-1 - Added connection org.postgresql.jdbc.PgConnection@2435c6ae
2026-03-01T10:25:09.839+09:00  INFO 68932 --- [eventpick-backend] [    Test worker] com.zaxxer.hikari.HikariDataSource       : HikariPool-1 - Start completed.
2026-03-01T10:25:09.879+09:00  INFO 68932 --- [eventpick-backend] [    Test worker] org.hibernate.orm.connections.pooling    : HHH10001005: Database info:
	Database JDBC URL [Connecting through datasource 'HikariDataSource (HikariPool-1)']
	Database driver: undefined/unknown
	Database version: 16.13
	Autocommit mode: undefined/unknown
	Isolation level: undefined/unknown
	Minimum pool size: undefined/unknown
	Maximum pool size: undefined/unknown
2026-03-01T10:25:10.050+09:00  INFO 68932 --- [eventpick-backend] [    Test worker] o.h.e.t.j.p.i.JtaPlatformInitiator       : HHH000489: No JTA platform available (set 'hibernate.transaction.jta.platform' to enable JTA platform integration)
2026-03-01T10:25:10.053+09:00  INFO 68932 --- [eventpick-backend] [    Test worker] j.LocalContainerEntityManagerFactoryBean : Initialized JPA EntityManagerFactory for persistence unit 'default'
2026-03-01T10:25:10.280+09:00  WARN 68932 --- [eventpick-backend] [    Test worker] JpaBaseConfiguration$JpaWebConfiguration : spring.jpa.open-in-view is enabled by default. Therefore, database queries may be performed during view rendering. Explicitly configure spring.jpa.open-in-view to disable this warning
2026-03-01T10:25:11.125+09:00  INFO 68932 --- [eventpick-backend] [    Test worker] o.s.b.a.e.web.EndpointLinksResolver      : Exposing 1 endpoint beneath base path '/actuator'
2026-03-01T10:25:11.277+09:00  INFO 68932 --- [eventpick-backend] [    Test worker] c.e.b.EventpickBackendApplicationTests   : Started EventpickBackendApplicationTests in 3.123 seconds (process running for 3.792)
2026-03-01T10:25:11.340+09:00  WARN 68932 --- [eventpick-backend] [    Test worker] o.s.core.events.SpringDocAppInitializer  : SpringDoc /v3/api-docs endpoint is enabled by default. To disable it in production, set the property 'springdoc.api-docs.enabled=false'
2026-03-01T10:25:11.341+09:00  WARN 68932 --- [eventpick-backend] [    Test worker] o.s.core.events.SpringDocAppInitializer  : SpringDoc /swagger-ui.html endpoint is enabled by default. To disable it in production, set the property 'springdoc.swagger-ui.enabled=false'
]]></system-out>
  <system-err><![CDATA[Mockito is currently self-attaching to enable the inline-mock-maker. This will no longer work in future releases of the JDK. Please add Mockito as an agent to your build as described in Mockito's documentation: https://javadoc.io/doc/org.mockito/mockito-core/latest/org.mockito/org/mockito/Mockito.html#0.3
WARNING: A Java agent has been loaded dynamically (/home/maverick/.gradle/caches/modules-2/files-2.1/net.bytebuddy/byte-buddy-agent/1.17.8/f09415827a71be7ed621c7bd02550678f28bc81c/byte-buddy-agent-1.17.8.jar)
WARNING: If a serviceability tool is in use, please run with -XX:+EnableDynamicAgentLoading to hide this warning
WARNING: If a serviceability tool is not in use, please run with -Djdk.instrument.traceUsage for more information
WARNING: Dynamic loading of agents will be disallowed by default in a future release
]]></system-err>
</testsuite>
